<?xml version="1.0" encoding="UTF-8"?>
<testng-results ignored="0" total="1" passed="1" failed="0" skipped="0">
  <reporter-output>
  </reporter-output>
  <suite started-at="2022-04-27T23:59:03 IST" name="Default suite" finished-at="2022-04-27T23:59:51 IST" duration-ms="48480">
    <groups>
    </groups>
    <test started-at="2022-04-27T23:59:03 IST" name="Default test" finished-at="2022-04-27T23:59:51 IST" duration-ms="48480">
      <class name="testdata.fetchingdatafromproperties">
        <test-method signature="fdfpf()[pri:0, instance:testdata.fetchingdatafromproperties@6a370f4]" started-at="2022-04-27T23:59:03 IST" name="fdfpf" finished-at="2022-04-27T23:59:51 IST" duration-ms="48416" status="PASS">
          <reporter-output>
          </reporter-output>
        </test-method> <!-- fdfpf -->
      </class> <!-- testdata.fetchingdatafromproperties -->
    </test> <!-- Default test -->
  </suite> <!-- Default suite -->
</testng-results>
